{
  "stats": {
    "suites": 1,
    "tests": 1,
    "passes": 1,
    "pending": 0,
    "failures": 0,
    "start": "2024-06-05T13:33:28.042Z",
    "end": "2024-06-05T13:33:30.033Z",
    "duration": 1991,
    "testsRegistered": 1,
    "passPercent": 100,
    "pendingPercent": 0,
    "other": 0,
    "hasOther": false,
    "skipped": 0,
    "hasSkipped": false
  },
  "results": [
    {
      "uuid": "2856a957-6f6a-466e-8ac5-7bb04325959b",
      "title": "",
      "fullFile": "cypress\\integration\\examples\\BDD\\Post.feature",
      "file": "cypress\\integration\\examples\\BDD\\Post.feature",
      "beforeHooks": [],
      "afterHooks": [],
      "tests": [],
      "suites": [
        {
          "uuid": "f5274f44-b00b-4b49-9e9e-1de47e3d422f",
          "title": "API testing GET POST PUT DELETE",
          "fullFile": "",
          "file": "",
          "beforeHooks": [],
          "afterHooks": [],
          "tests": [
            {
              "title": "Verify POST create user endpoint",
              "fullTitle": "API testing GET POST PUT DELETE Verify POST create user endpoint",
              "timedOut": null,
              "duration": 1842,
              "state": "passed",
              "speed": "fast",
              "pass": true,
              "fail": false,
              "pending": false,
              "context": "{\n  \"title\": \"cypress-mochawesome-reporter-videos-passed\",\n  \"value\": \"cypress\\\\integration\\\\examples\\\\BDD\\\\Post.feature\"\n}",
              "code": "",
              "err": {},
              "uuid": "3ee09d07-69be-4b08-9e42-02dfad2bdcdf",
              "parentUUID": "f5274f44-b00b-4b49-9e9e-1de47e3d422f",
              "isHook": false,
              "skipped": false
            }
          ],
          "suites": [],
          "passes": [
            "3ee09d07-69be-4b08-9e42-02dfad2bdcdf"
          ],
          "failures": [],
          "pending": [],
          "skipped": [],
          "duration": 1842,
          "root": false,
          "rootEmpty": false,
          "_timeout": 2000
        }
      ],
      "passes": [],
      "failures": [],
      "pending": [],
      "skipped": [],
      "duration": 0,
      "root": true,
      "rootEmpty": true,
      "_timeout": 2000
    }
  ],
  "meta": {
    "mocha": {
      "version": "7.0.1"
    },
    "mochawesome": {
      "options": {
        "quiet": false,
        "reportFilename": "mochawesome",
        "saveHtml": false,
        "saveJson": true,
        "consoleReporter": "spec",
        "useInlineDiffs": false,
        "code": false
      },
      "version": "7.1.3"
    },
    "marge": {
      "options": {
        "charts": true,
        "ignoreVideos": false,
        "reportPageTitle": "custom-title",
        "embeddedScreenshots": true,
        "inlineAssets": true,
        "saveAllAttempts": false,
        "overwrite": false,
        "json": true,
        "html": false,
        "code": false,
        "timestamp": "mmddyyyy_HHMMss",
        "reportDir": "cypress\\reports\\html\\.jsons"
      },
      "version": "6.2.0"
    }
  }
}